<?xml version="1.0" encoding="UTF-8"?>
<testng-results skipped="0" failed="1" total="3" passed="2">
  <reporter-output>
  </reporter-output>
  <suite name="Word Chain Task" duration-ms="16867" started-at="2016-11-05T09:54:13Z" finished-at="2016-11-05T09:54:30Z">
    <groups>
    </groups>
    <test name="Word Chain" duration-ms="16867" started-at="2016-11-05T09:54:13Z" finished-at="2016-11-05T09:54:30Z">
      <class name="com.debarnab.test.testClass">
        <test-method status="PASS" signature="loadDictionary()[pri:0, instance:com.debarnab.test.testClass@6a2bcfcb]" name="loadDictionary" is-config="true" duration-ms="124" started-at="2016-11-05T10:54:13Z" finished-at="2016-11-05T10:54:14Z">
          <reporter-output>
          </reporter-output>
        </test-method> <!-- loadDictionary -->
        <test-method status="PASS" signature="testGetChain(java.lang.String, java.lang.String)[pri:0, instance:com.debarnab.test.testClass@6a2bcfcb]" name="testGetChain" duration-ms="8865" started-at="2016-11-05T10:54:14Z" data-provider="getData" finished-at="2016-11-05T10:54:23Z">
          <params>
            <param index="0">
              <value>
                <![CDATA[cat]]>
              </value>
            </param>
            <param index="1">
              <value>
                <![CDATA[dog]]>
              </value>
            </param>
          </params>
          <reporter-output>
          </reporter-output>
        </test-method> <!-- testGetChain -->
        <test-method status="FAIL" signature="testGetChain(java.lang.String, java.lang.String)[pri:0, instance:com.debarnab.test.testClass@6a2bcfcb]" name="testGetChain" duration-ms="40" started-at="2016-11-05T10:54:23Z" data-provider="getData" finished-at="2016-11-05T10:54:23Z">
          <params>
            <param index="0">
              <value>
                <![CDATA[salary]]>
              </value>
            </param>
            <param index="1">
              <value>
                <![CDATA[salmon]]>
              </value>
            </param>
          </params>
          <exception class="java.lang.AssertionError">
            <message>
              <![CDATA[Word Change not possible]]>
            </message>
            <full-stacktrace>
              <![CDATA[java.lang.AssertionError: Word Change not possible
	at org.testng.Assert.fail(Assert.java:94)
	at com.debarnab.test.testClass.testGetChain(testClass.java:29)
	at sun.reflect.NativeMethodAccessorImpl.invoke0(Native Method)
	at sun.reflect.NativeMethodAccessorImpl.invoke(Unknown Source)
	at sun.reflect.DelegatingMethodAccessorImpl.invoke(Unknown Source)
	at java.lang.reflect.Method.invoke(Unknown Source)
	at org.testng.internal.MethodInvocationHelper.invokeMethod(MethodInvocationHelper.java:100)
	at org.testng.internal.Invoker.invokeMethod(Invoker.java:646)
	at org.testng.internal.Invoker.invokeTestMethod(Invoker.java:811)
	at org.testng.internal.Invoker.invokeTestMethods(Invoker.java:1137)
	at org.testng.internal.TestMethodWorker.invokeTestMethods(TestMethodWorker.java:129)
	at org.testng.internal.TestMethodWorker.run(TestMethodWorker.java:112)
	at org.testng.TestRunner.privateRun(TestRunner.java:753)
	at org.testng.TestRunner.run(TestRunner.java:607)
	at org.testng.SuiteRunner.runTest(SuiteRunner.java:368)
	at org.testng.SuiteRunner.runSequentially(SuiteRunner.java:363)
	at org.testng.SuiteRunner.privateRun(SuiteRunner.java:321)
	at org.testng.SuiteRunner.run(SuiteRunner.java:270)
	at org.testng.SuiteRunnerWorker.runSuite(SuiteRunnerWorker.java:52)
	at org.testng.SuiteRunnerWorker.run(SuiteRunnerWorker.java:86)
	at org.testng.TestNG.runSuitesSequentially(TestNG.java:1284)
	at org.testng.TestNG.runSuitesLocally(TestNG.java:1209)
	at org.testng.TestNG.runSuites(TestNG.java:1124)
	at org.testng.TestNG.run(TestNG.java:1096)
	at org.testng.remote.AbstractRemoteTestNG.run(AbstractRemoteTestNG.java:132)
	at org.testng.remote.RemoteTestNG.initAndRun(RemoteTestNG.java:236)
	at org.testng.remote.RemoteTestNG.main(RemoteTestNG.java:81)
]]>
            </full-stacktrace>
          </exception> <!-- java.lang.AssertionError -->
          <reporter-output>
          </reporter-output>
        </test-method> <!-- testGetChain -->
        <test-method status="PASS" signature="testGetChain(java.lang.String, java.lang.String)[pri:0, instance:com.debarnab.test.testClass@6a2bcfcb]" name="testGetChain" duration-ms="7794" started-at="2016-11-05T10:54:23Z" data-provider="getData" finished-at="2016-11-05T10:54:30Z">
          <params>
            <param index="0">
              <value>
                <![CDATA[lead]]>
              </value>
            </param>
            <param index="1">
              <value>
                <![CDATA[gold]]>
              </value>
            </param>
          </params>
          <reporter-output>
          </reporter-output>
        </test-method> <!-- testGetChain -->
      </class> <!-- com.debarnab.test.testClass -->
    </test> <!-- Word Chain -->
  </suite> <!-- Word Chain Task -->
</testng-results>
